<?xml version="1.0" encoding="UTF-8"?>
<!-- Generated by org.testng.reporters.JUnitXMLReporter -->
<testsuite hostname="XIT-IND-LAP05" ignored="0" name="Test" tests="1" failures="1" timestamp="14 Jul 2018 13:53:15 GMT" time="0.145" errors="0">
  <testcase name="basepagenavigation" time="0.031" classname="mavenlink.linkedin.homepage">
    <failure type="java.io.FileNotFoundException" message="..\data.properties (The system cannot find the file specified)">
      <![CDATA[java.io.FileNotFoundException: ..\data.properties (The system cannot find the file specified)
	at java.io.FileInputStream.open0(Native Method)
	at java.io.FileInputStream.open(FileInputStream.java:195)
	at java.io.FileInputStream.<init>(FileInputStream.java:138)
	at java.io.FileInputStream.<init>(FileInputStream.java:93)
	at mavenlink.linkedin.base.initiliazedriver(base.java:21)
	at mavenlink.linkedin.homepage.basepagenavigation(homepage.java:30)
... Removed 25 stack frames]]>
    </failure>
  </testcase> <!-- basepagenavigation -->
</testsuite> <!-- Test -->
